<?xml version="1.0" encoding="UTF-8"?>
<!-- Generated by org.testng.reporters.JUnitReportReporter -->
<testsuite hostname="LOKESH" failures="0" tests="1" name="testCases.TC001_AccountRegistrationTest" time="4.488" errors="0" timestamp="2024-09-19T01:43:51 IST" skipped="0">
  <testcase classname="testCases.TC001_AccountRegistrationTest" name="verify_account_registration" time="4.488"/>
</testsuite> <!-- testCases.TC001_AccountRegistrationTest -->
